<?xml version="1.0" encoding="UTF-8"?>
<!-- Generated by org.testng.reporters.JUnitReportReporter -->
<testsuite hostname="Vinusha_Mahesh" failures="0" tests="1" name="com.epharma.testscripts.PharmacyModule" time="0.012" errors="0" timestamp="2025-10-29T12:34:17 IST" skipped="0">
  <testcase classname="com.epharma.testscripts.PharmacyModule" name="orderMedicin" time="0.012">
    <system-out>
      <![CDATA[Medicines has been ordered]]>
    </system-out>
  </testcase> <!-- orderMedicin -->
  <system-out>
    <![CDATA[Medicines has been ordered]]>
  </system-out>
</testsuite> <!-- com.epharma.testscripts.PharmacyModule -->
